::1 - - [20/Jun/2017:02:18:25 +0000] "GET / HTTP/1.1" 304 - "-" "Mozilla/5.0 (Windows NT 10.0; Win64; x64; rv:53.0) Gecko/20100101 Firefox/53.0"
::1 - - [20/Jun/2017:02:18:26 +0000] "GET /stylesheets/bootstrap.css HTTP/1.1" 304 - "http://localhost:3000/" "Mozilla/5.0 (Windows NT 10.0; Win64; x64; rv:53.0) Gecko/20100101 Firefox/53.0"
::1 - - [20/Jun/2017:02:18:26 +0000] "GET /javascripts/jquery.js HTTP/1.1" 304 - "http://localhost:3000/" "Mozilla/5.0 (Windows NT 10.0; Win64; x64; rv:53.0) Gecko/20100101 Firefox/53.0"
::1 - - [20/Jun/2017:02:18:26 +0000] "GET /javascripts/bootstrap.js HTTP/1.1" 304 - "http://localhost:3000/" "Mozilla/5.0 (Windows NT 10.0; Win64; x64; rv:53.0) Gecko/20100101 Firefox/53.0"
::1 - - [20/Jun/2017:02:18:54 +0000] "GET / HTTP/1.1" 500 4173 "-" "Mozilla/5.0 (Windows NT 10.0; Win64; x64; rv:53.0) Gecko/20100101 Firefox/53.0"
::1 - - [20/Jun/2017:02:18:54 +0000] "GET /stylesheets/bootstrap.css HTTP/1.1" 304 - "http://localhost:3000/" "Mozilla/5.0 (Windows NT 10.0; Win64; x64; rv:53.0) Gecko/20100101 Firefox/53.0"
::1 - - [20/Jun/2017:02:18:54 +0000] "GET /javascripts/bootstrap.js HTTP/1.1" 304 - "http://localhost:3000/" "Mozilla/5.0 (Windows NT 10.0; Win64; x64; rv:53.0) Gecko/20100101 Firefox/53.0"
::1 - - [20/Jun/2017:02:18:54 +0000] "GET /javascripts/jquery.js HTTP/1.1" 304 - "http://localhost:3000/" "Mozilla/5.0 (Windows NT 10.0; Win64; x64; rv:53.0) Gecko/20100101 Firefox/53.0"
[J] ::1 - - [Tue, 20 Jun 2017 02:34:38 GMT] "GET / HTTP/1.1" 200 4451 "-" "Mozilla/5.0 (Windows NT 10.0; Win64; x64; rv:53.0) Gecko/20100101 Firefox/53.0"
[J] ::1 - - [Tue, 20 Jun 2017 02:34:38 GMT] "GET /stylesheets/bootstrap.css HTTP/1.1" 304 - "http://localhost:3000/" "Mozilla/5.0 (Windows NT 10.0; Win64; x64; rv:53.0) Gecko/20100101 Firefox/53.0"
[J] ::1 - - [Tue, 20 Jun 2017 02:34:38 GMT] "GET /javascripts/jquery.js HTTP/1.1" 304 - "http://localhost:3000/" "Mozilla/5.0 (Windows NT 10.0; Win64; x64; rv:53.0) Gecko/20100101 Firefox/53.0"
[J] ::1 - - [Tue, 20 Jun 2017 02:34:38 GMT] "GET /javascripts/bootstrap.js HTTP/1.1" 304 - "http://localhost:3000/" "Mozilla/5.0 (Windows NT 10.0; Win64; x64; rv:53.0) Gecko/20100101 Firefox/53.0"
[J] ::1 - - [Tue, 20 Jun 2017 02:34:38 GMT] "GET /fonts/glyphicons-halflings-regular.woff2 HTTP/1.1" 304 - "http://localhost:3000/stylesheets/bootstrap.css" "Mozilla/5.0 (Windows NT 10.0; Win64; x64; rv:53.0) Gecko/20100101 Firefox/53.0"
[J] ::1 - - [function toLocaleString() { [native code] }] "GET / HTTP/1.1" 304 - "-" "Mozilla/5.0 (Windows NT 10.0; Win64; x64; rv:53.0) Gecko/20100101 Firefox/53.0"
[J] ::1 - - [function toLocaleString() { [native code] }] "GET /stylesheets/bootstrap.css HTTP/1.1" 304 - "http://localhost:3000/" "Mozilla/5.0 (Windows NT 10.0; Win64; x64; rv:53.0) Gecko/20100101 Firefox/53.0"
[J] ::1 - - [function toLocaleString() { [native code] }] "GET /javascripts/jquery.js HTTP/1.1" 304 - "http://localhost:3000/" "Mozilla/5.0 (Windows NT 10.0; Win64; x64; rv:53.0) Gecko/20100101 Firefox/53.0"
[J] ::1 - - [function toLocaleString() { [native code] }] "GET /javascripts/bootstrap.js HTTP/1.1" 304 - "http://localhost:3000/" "Mozilla/5.0 (Windows NT 10.0; Win64; x64; rv:53.0) Gecko/20100101 Firefox/53.0"
[J] ::1 - - [function toLocaleString() { [native code] }] "GET / HTTP/1.1" - - "-" "Mozilla/5.0 (Windows NT 10.0; Win64; x64; rv:53.0) Gecko/20100101 Firefox/53.0"
[J] ::1 - - [function toLocaleString() { [native code] }] "GET / HTTP/1.1" - - "-" "Mozilla/5.0 (Windows NT 10.0; Win64; x64; rv:53.0) Gecko/20100101 Firefox/53.0"
[J] ::1 - - [function toLocaleString() { [native code] }] "GET / HTTP/1.1" 500 3395 "-" "Mozilla/5.0 (Windows NT 10.0; Win64; x64; rv:53.0) Gecko/20100101 Firefox/53.0"
[J] ::1 - - [function toLocaleString() { [native code] }] "GET /javascripts/jquery.js HTTP/1.1" 304 - "http://localhost:3000/" "Mozilla/5.0 (Windows NT 10.0; Win64; x64; rv:53.0) Gecko/20100101 Firefox/53.0"
[J] ::1 - - [function toLocaleString() { [native code] }] "GET /stylesheets/bootstrap.css HTTP/1.1" 304 - "http://localhost:3000/" "Mozilla/5.0 (Windows NT 10.0; Win64; x64; rv:53.0) Gecko/20100101 Firefox/53.0"
[J] ::1 - - [function toLocaleString() { [native code] }] "GET /javascripts/bootstrap.js HTTP/1.1" 304 - "http://localhost:3000/" "Mozilla/5.0 (Windows NT 10.0; Win64; x64; rv:53.0) Gecko/20100101 Firefox/53.0"
[J] ::1 - - [2017-6-20 10:40:11] "GET / HTTP/1.1" 200 4451 "-" "Mozilla/5.0 (Windows NT 10.0; Win64; x64; rv:53.0) Gecko/20100101 Firefox/53.0"
[J] ::1 - - [2017-6-20 10:40:12] "GET /stylesheets/bootstrap.css HTTP/1.1" 304 - "http://localhost:3000/" "Mozilla/5.0 (Windows NT 10.0; Win64; x64; rv:53.0) Gecko/20100101 Firefox/53.0"
[J] ::1 - - [2017-6-20 10:40:12] "GET /javascripts/jquery.js HTTP/1.1" 304 - "http://localhost:3000/" "Mozilla/5.0 (Windows NT 10.0; Win64; x64; rv:53.0) Gecko/20100101 Firefox/53.0"
[J] ::1 - - [2017-6-20 10:40:12] "GET /javascripts/bootstrap.js HTTP/1.1" 304 - "http://localhost:3000/" "Mozilla/5.0 (Windows NT 10.0; Win64; x64; rv:53.0) Gecko/20100101 Firefox/53.0"
[J] ::1 - - [2017-6-20 10:40:12] "GET /fonts/glyphicons-halflings-regular.woff2 HTTP/1.1" 304 - "http://localhost:3000/stylesheets/bootstrap.css" "Mozilla/5.0 (Windows NT 10.0; Win64; x64; rv:53.0) Gecko/20100101 Firefox/53.0"
[J] ::1 - - [2017-6-20 11:26:18] "GET / HTTP/1.1" 304 - "-" "Mozilla/5.0 (Windows NT 10.0; Win64; x64; rv:53.0) Gecko/20100101 Firefox/53.0"
[J] ::1 - - [2017-6-20 11:26:18] "GET /stylesheets/bootstrap.css HTTP/1.1" 304 - "http://localhost:3000/" "Mozilla/5.0 (Windows NT 10.0; Win64; x64; rv:53.0) Gecko/20100101 Firefox/53.0"
[J] ::1 - - [2017-6-20 11:26:18] "GET /javascripts/jquery.js HTTP/1.1" 304 - "http://localhost:3000/" "Mozilla/5.0 (Windows NT 10.0; Win64; x64; rv:53.0) Gecko/20100101 Firefox/53.0"
[J] ::1 - - [2017-6-20 11:26:18] "GET /javascripts/bootstrap.js HTTP/1.1" 304 - "http://localhost:3000/" "Mozilla/5.0 (Windows NT 10.0; Win64; x64; rv:53.0) Gecko/20100101 Firefox/53.0"
[J] ::1 - - [2017-6-20 11:26:19] "GET /u/test2 HTTP/1.1" 304 - "http://localhost:3000/" "Mozilla/5.0 (Windows NT 10.0; Win64; x64; rv:53.0) Gecko/20100101 Firefox/53.0"
[J] ::1 - - [2017-6-20 11:26:19] "GET /stylesheets/bootstrap.css HTTP/1.1" 304 - "http://localhost:3000/u/test2" "Mozilla/5.0 (Windows NT 10.0; Win64; x64; rv:53.0) Gecko/20100101 Firefox/53.0"
[J] ::1 - - [2017-6-20 11:26:19] "GET /javascripts/jquery.js HTTP/1.1" 304 - "http://localhost:3000/u/test2" "Mozilla/5.0 (Windows NT 10.0; Win64; x64; rv:53.0) Gecko/20100101 Firefox/53.0"
[J] ::1 - - [2017-6-20 11:26:19] "GET /javascripts/bootstrap.js HTTP/1.1" 304 - "http://localhost:3000/u/test2" "Mozilla/5.0 (Windows NT 10.0; Win64; x64; rv:53.0) Gecko/20100101 Firefox/53.0"
[J] ::1 - - [2017-6-20 11:26:21] "GET /u/test2 HTTP/1.1" 304 - "http://localhost:3000/u/test2" "Mozilla/5.0 (Windows NT 10.0; Win64; x64; rv:53.0) Gecko/20100101 Firefox/53.0"
[J] ::1 - - [2017-6-20 11:26:21] "GET /stylesheets/bootstrap.css HTTP/1.1" 304 - "http://localhost:3000/u/test2" "Mozilla/5.0 (Windows NT 10.0; Win64; x64; rv:53.0) Gecko/20100101 Firefox/53.0"
[J] ::1 - - [2017-6-20 11:26:21] "GET /javascripts/jquery.js HTTP/1.1" 304 - "http://localhost:3000/u/test2" "Mozilla/5.0 (Windows NT 10.0; Win64; x64; rv:53.0) Gecko/20100101 Firefox/53.0"
[J] ::1 - - [2017-6-20 11:26:21] "GET /javascripts/bootstrap.js HTTP/1.1" 304 - "http://localhost:3000/u/test2" "Mozilla/5.0 (Windows NT 10.0; Win64; x64; rv:53.0) Gecko/20100101 Firefox/53.0"
[J] ::1 - - [2017-6-20 11:26:22] "GET /logout HTTP/1.1" 302 46 "http://localhost:3000/u/test2" "Mozilla/5.0 (Windows NT 10.0; Win64; x64; rv:53.0) Gecko/20100101 Firefox/53.0"
[J] ::1 - - [2017-6-20 11:26:22] "GET / HTTP/1.1" 200 4528 "http://localhost:3000/u/test2" "Mozilla/5.0 (Windows NT 10.0; Win64; x64; rv:53.0) Gecko/20100101 Firefox/53.0"
[J] ::1 - - [2017-6-20 11:26:22] "GET /stylesheets/bootstrap.css HTTP/1.1" 304 - "http://localhost:3000/" "Mozilla/5.0 (Windows NT 10.0; Win64; x64; rv:53.0) Gecko/20100101 Firefox/53.0"
[J] ::1 - - [2017-6-20 11:26:22] "GET /javascripts/bootstrap.js HTTP/1.1" 304 - "http://localhost:3000/" "Mozilla/5.0 (Windows NT 10.0; Win64; x64; rv:53.0) Gecko/20100101 Firefox/53.0"
[J] ::1 - - [2017-6-20 11:26:22] "GET /javascripts/jquery.js HTTP/1.1" 304 - "http://localhost:3000/" "Mozilla/5.0 (Windows NT 10.0; Win64; x64; rv:53.0) Gecko/20100101 Firefox/53.0"
[J] ::1 - - [2017-6-20 11:26:23] "GET / HTTP/1.1" 200 4451 "http://localhost:3000/u/test2" "Mozilla/5.0 (Windows NT 10.0; Win64; x64; rv:53.0) Gecko/20100101 Firefox/53.0"
[J] ::1 - - [2017-6-20 11:26:24] "GET /stylesheets/bootstrap.css HTTP/1.1" 304 - "http://localhost:3000/" "Mozilla/5.0 (Windows NT 10.0; Win64; x64; rv:53.0) Gecko/20100101 Firefox/53.0"
[J] ::1 - - [2017-6-20 11:26:24] "GET /javascripts/jquery.js HTTP/1.1" 304 - "http://localhost:3000/" "Mozilla/5.0 (Windows NT 10.0; Win64; x64; rv:53.0) Gecko/20100101 Firefox/53.0"
[J] ::1 - - [2017-6-20 11:26:24] "GET /javascripts/bootstrap.js HTTP/1.1" 304 - "http://localhost:3000/" "Mozilla/5.0 (Windows NT 10.0; Win64; x64; rv:53.0) Gecko/20100101 Firefox/53.0"
[J] ::1 - - [2017-6-20 11:26:25] "GET /login HTTP/1.1" 200 2263 "http://localhost:3000/" "Mozilla/5.0 (Windows NT 10.0; Win64; x64; rv:53.0) Gecko/20100101 Firefox/53.0"
[J] ::1 - - [2017-6-20 11:26:25] "GET /stylesheets/bootstrap.css HTTP/1.1" 304 - "http://localhost:3000/login" "Mozilla/5.0 (Windows NT 10.0; Win64; x64; rv:53.0) Gecko/20100101 Firefox/53.0"
[J] ::1 - - [2017-6-20 11:26:25] "GET /javascripts/jquery.js HTTP/1.1" 304 - "http://localhost:3000/login" "Mozilla/5.0 (Windows NT 10.0; Win64; x64; rv:53.0) Gecko/20100101 Firefox/53.0"
[J] ::1 - - [2017-6-20 11:26:25] "GET /javascripts/bootstrap.js HTTP/1.1" 304 - "http://localhost:3000/login" "Mozilla/5.0 (Windows NT 10.0; Win64; x64; rv:53.0) Gecko/20100101 Firefox/53.0"
[J] ::1 - - [2017-6-20 11:26:29] "POST /login HTTP/1.1" 302 46 "http://localhost:3000/login" "Mozilla/5.0 (Windows NT 10.0; Win64; x64; rv:53.0) Gecko/20100101 Firefox/53.0"
[J] ::1 - - [2017-6-20 11:26:29] "GET / HTTP/1.1" 200 4528 "http://localhost:3000/login" "Mozilla/5.0 (Windows NT 10.0; Win64; x64; rv:53.0) Gecko/20100101 Firefox/53.0"
[J] ::1 - - [2017-6-20 11:26:29] "GET /stylesheets/bootstrap.css HTTP/1.1" 304 - "http://localhost:3000/" "Mozilla/5.0 (Windows NT 10.0; Win64; x64; rv:53.0) Gecko/20100101 Firefox/53.0"
[J] ::1 - - [2017-6-20 11:26:29] "GET /javascripts/jquery.js HTTP/1.1" 304 - "http://localhost:3000/" "Mozilla/5.0 (Windows NT 10.0; Win64; x64; rv:53.0) Gecko/20100101 Firefox/53.0"
[J] ::1 - - [2017-6-20 11:26:29] "GET /javascripts/bootstrap.js HTTP/1.1" 304 - "http://localhost:3000/" "Mozilla/5.0 (Windows NT 10.0; Win64; x64; rv:53.0) Gecko/20100101 Firefox/53.0"
[J] ::1 - - [2017-6-20 11:26:32] "GET /u/test HTTP/1.1" 200 2997 "http://localhost:3000/" "Mozilla/5.0 (Windows NT 10.0; Win64; x64; rv:53.0) Gecko/20100101 Firefox/53.0"
[J] ::1 - - [2017-6-20 11:26:32] "GET /stylesheets/bootstrap.css HTTP/1.1" 304 - "http://localhost:3000/u/test" "Mozilla/5.0 (Windows NT 10.0; Win64; x64; rv:53.0) Gecko/20100101 Firefox/53.0"
[J] ::1 - - [2017-6-20 11:26:32] "GET /javascripts/jquery.js HTTP/1.1" 304 - "http://localhost:3000/u/test" "Mozilla/5.0 (Windows NT 10.0; Win64; x64; rv:53.0) Gecko/20100101 Firefox/53.0"
[J] ::1 - - [2017-6-20 11:26:32] "GET /javascripts/bootstrap.js HTTP/1.1" 304 - "http://localhost:3000/u/test" "Mozilla/5.0 (Windows NT 10.0; Win64; x64; rv:53.0) Gecko/20100101 Firefox/53.0"
[J] ::1 - - [2017-6-20 11:26:38] "POST /post HTTP/1.1" 302 58 "http://localhost:3000/" "Mozilla/5.0 (Windows NT 10.0; Win64; x64; rv:53.0) Gecko/20100101 Firefox/53.0"
[J] ::1 - - [2017-6-20 11:26:38] "GET /u/test HTTP/1.1" 200 3450 "http://localhost:3000/" "Mozilla/5.0 (Windows NT 10.0; Win64; x64; rv:53.0) Gecko/20100101 Firefox/53.0"
[J] ::1 - - [2017-6-20 11:26:38] "GET /stylesheets/bootstrap.css HTTP/1.1" 304 - "http://localhost:3000/u/test" "Mozilla/5.0 (Windows NT 10.0; Win64; x64; rv:53.0) Gecko/20100101 Firefox/53.0"
[J] ::1 - - [2017-6-20 11:26:38] "GET /javascripts/jquery.js HTTP/1.1" 304 - "http://localhost:3000/u/test" "Mozilla/5.0 (Windows NT 10.0; Win64; x64; rv:53.0) Gecko/20100101 Firefox/53.0"
[J] ::1 - - [2017-6-20 11:26:38] "GET /javascripts/bootstrap.js HTTP/1.1" 304 - "http://localhost:3000/u/test" "Mozilla/5.0 (Windows NT 10.0; Win64; x64; rv:53.0) Gecko/20100101 Firefox/53.0"
[J] ::1 - - [2017-6-20 11:26:40] "GET / HTTP/1.1" 200 4900 "http://localhost:3000/u/test" "Mozilla/5.0 (Windows NT 10.0; Win64; x64; rv:53.0) Gecko/20100101 Firefox/53.0"
[J] ::1 - - [2017-6-20 11:26:40] "GET /stylesheets/bootstrap.css HTTP/1.1" 304 - "http://localhost:3000/" "Mozilla/5.0 (Windows NT 10.0; Win64; x64; rv:53.0) Gecko/20100101 Firefox/53.0"
[J] ::1 - - [2017-6-20 11:26:40] "GET /javascripts/jquery.js HTTP/1.1" 304 - "http://localhost:3000/" "Mozilla/5.0 (Windows NT 10.0; Win64; x64; rv:53.0) Gecko/20100101 Firefox/53.0"
[J] ::1 - - [2017-6-20 11:26:40] "GET /javascripts/bootstrap.js HTTP/1.1" 304 - "http://localhost:3000/" "Mozilla/5.0 (Windows NT 10.0; Win64; x64; rv:53.0) Gecko/20100101 Firefox/53.0"
[J] ::1 - - [2017-6-20 11:26:45] "GET /logout HTTP/1.1" 302 46 "http://localhost:3000/" "Mozilla/5.0 (Windows NT 10.0; Win64; x64; rv:53.0) Gecko/20100101 Firefox/53.0"
[J] ::1 - - [2017-6-20 11:26:45] "GET / HTTP/1.1" 200 4900 "http://localhost:3000/" "Mozilla/5.0 (Windows NT 10.0; Win64; x64; rv:53.0) Gecko/20100101 Firefox/53.0"
[J] ::1 - - [2017-6-20 11:26:45] "GET /stylesheets/bootstrap.css HTTP/1.1" 304 - "http://localhost:3000/" "Mozilla/5.0 (Windows NT 10.0; Win64; x64; rv:53.0) Gecko/20100101 Firefox/53.0"
[J] ::1 - - [2017-6-20 11:26:45] "GET /javascripts/jquery.js HTTP/1.1" 304 - "http://localhost:3000/" "Mozilla/5.0 (Windows NT 10.0; Win64; x64; rv:53.0) Gecko/20100101 Firefox/53.0"
[J] ::1 - - [2017-6-20 11:26:45] "GET /javascripts/bootstrap.js HTTP/1.1" 304 - "http://localhost:3000/" "Mozilla/5.0 (Windows NT 10.0; Win64; x64; rv:53.0) Gecko/20100101 Firefox/53.0"
[J] ::1 - - [2017-6-20 11:26:46] "GET /reg HTTP/1.1" 500 3655 "http://localhost:3000/" "Mozilla/5.0 (Windows NT 10.0; Win64; x64; rv:53.0) Gecko/20100101 Firefox/53.0"
[J] ::1 - - [2017-6-20 11:26:46] "GET /stylesheets/bootstrap.css HTTP/1.1" 304 - "http://localhost:3000/reg" "Mozilla/5.0 (Windows NT 10.0; Win64; x64; rv:53.0) Gecko/20100101 Firefox/53.0"
[J] ::1 - - [2017-6-20 11:26:46] "GET /javascripts/jquery.js HTTP/1.1" 304 - "http://localhost:3000/reg" "Mozilla/5.0 (Windows NT 10.0; Win64; x64; rv:53.0) Gecko/20100101 Firefox/53.0"
[J] ::1 - - [2017-6-20 11:26:46] "GET /javascripts/bootstrap.js HTTP/1.1" 304 - "http://localhost:3000/reg" "Mozilla/5.0 (Windows NT 10.0; Win64; x64; rv:53.0) Gecko/20100101 Firefox/53.0"
[J] ::1 - - [2017-6-20 11:34:40] "GET /reg HTTP/1.1" 200 2643 "http://localhost:3000/" "Mozilla/5.0 (Windows NT 10.0; Win64; x64; rv:53.0) Gecko/20100101 Firefox/53.0"
[J] ::1 - - [2017-6-20 11:34:40] "GET /stylesheets/bootstrap.css HTTP/1.1" 304 - "http://localhost:3000/reg" "Mozilla/5.0 (Windows NT 10.0; Win64; x64; rv:53.0) Gecko/20100101 Firefox/53.0"
[J] ::1 - - [2017-6-20 11:34:40] "GET /javascripts/jquery.js HTTP/1.1" 304 - "http://localhost:3000/reg" "Mozilla/5.0 (Windows NT 10.0; Win64; x64; rv:53.0) Gecko/20100101 Firefox/53.0"
[J] ::1 - - [2017-6-20 11:34:40] "GET /javascripts/bootstrap.js HTTP/1.1" 304 - "http://localhost:3000/reg" "Mozilla/5.0 (Windows NT 10.0; Win64; x64; rv:53.0) Gecko/20100101 Firefox/53.0"
[J] ::1 - - [2017-6-20 11:34:47] "POST /reg HTTP/1.1" 302 52 "http://localhost:3000/reg" "Mozilla/5.0 (Windows NT 10.0; Win64; x64; rv:53.0) Gecko/20100101 Firefox/53.0"
[J] ::1 - - [2017-6-20 11:34:47] "GET /reg HTTP/1.1" 200 2722 "http://localhost:3000/reg" "Mozilla/5.0 (Windows NT 10.0; Win64; x64; rv:53.0) Gecko/20100101 Firefox/53.0"
[J] ::1 - - [2017-6-20 11:34:47] "GET /stylesheets/bootstrap.css HTTP/1.1" 304 - "http://localhost:3000/reg" "Mozilla/5.0 (Windows NT 10.0; Win64; x64; rv:53.0) Gecko/20100101 Firefox/53.0"
[J] ::1 - - [2017-6-20 11:34:47] "GET /javascripts/jquery.js HTTP/1.1" 304 - "http://localhost:3000/reg" "Mozilla/5.0 (Windows NT 10.0; Win64; x64; rv:53.0) Gecko/20100101 Firefox/53.0"
[J] ::1 - - [2017-6-20 11:34:47] "GET /javascripts/bootstrap.js HTTP/1.1" 304 - "http://localhost:3000/reg" "Mozilla/5.0 (Windows NT 10.0; Win64; x64; rv:53.0) Gecko/20100101 Firefox/53.0"
[J] ::1 - - [2017-6-20 11:34:56] "POST /reg HTTP/1.1" 302 46 "http://localhost:3000/reg" "Mozilla/5.0 (Windows NT 10.0; Win64; x64; rv:53.0) Gecko/20100101 Firefox/53.0"
[J] ::1 - - [2017-6-20 11:34:56] "GET / HTTP/1.1" 200 4900 "http://localhost:3000/reg" "Mozilla/5.0 (Windows NT 10.0; Win64; x64; rv:53.0) Gecko/20100101 Firefox/53.0"
[J] ::1 - - [2017-6-20 11:34:56] "GET /stylesheets/bootstrap.css HTTP/1.1" 304 - "http://localhost:3000/" "Mozilla/5.0 (Windows NT 10.0; Win64; x64; rv:53.0) Gecko/20100101 Firefox/53.0"
[J] ::1 - - [2017-6-20 11:34:56] "GET /javascripts/jquery.js HTTP/1.1" 304 - "http://localhost:3000/" "Mozilla/5.0 (Windows NT 10.0; Win64; x64; rv:53.0) Gecko/20100101 Firefox/53.0"
[J] ::1 - - [2017-6-20 11:34:56] "GET /javascripts/bootstrap.js HTTP/1.1" 304 - "http://localhost:3000/" "Mozilla/5.0 (Windows NT 10.0; Win64; x64; rv:53.0) Gecko/20100101 Firefox/53.0"
[J] ::1 - - [2017-6-20 11:35:09] "GET /login HTTP/1.1" 302 46 "-" "Mozilla/5.0 (Windows NT 10.0; Win64; x64; rv:53.0) Gecko/20100101 Firefox/53.0"
[J] ::1 - - [2017-6-20 11:35:10] "GET / HTTP/1.1" 200 4896 "-" "Mozilla/5.0 (Windows NT 10.0; Win64; x64; rv:53.0) Gecko/20100101 Firefox/53.0"
[J] ::1 - - [2017-6-20 11:35:10] "GET /stylesheets/bootstrap.css HTTP/1.1" 304 - "http://localhost:3000/" "Mozilla/5.0 (Windows NT 10.0; Win64; x64; rv:53.0) Gecko/20100101 Firefox/53.0"
[J] ::1 - - [2017-6-20 11:35:10] "GET /javascripts/jquery.js HTTP/1.1" 304 - "http://localhost:3000/" "Mozilla/5.0 (Windows NT 10.0; Win64; x64; rv:53.0) Gecko/20100101 Firefox/53.0"
[J] ::1 - - [2017-6-20 11:35:10] "GET /javascripts/bootstrap.js HTTP/1.1" 304 - "http://localhost:3000/" "Mozilla/5.0 (Windows NT 10.0; Win64; x64; rv:53.0) Gecko/20100101 Firefox/53.0"
[J] ::1 - - [2017-6-20 11:35:12] "GET /logout HTTP/1.1" 302 46 "http://localhost:3000/" "Mozilla/5.0 (Windows NT 10.0; Win64; x64; rv:53.0) Gecko/20100101 Firefox/53.0"
[J] ::1 - - [2017-6-20 11:35:12] "GET / HTTP/1.1" 200 4900 "http://localhost:3000/" "Mozilla/5.0 (Windows NT 10.0; Win64; x64; rv:53.0) Gecko/20100101 Firefox/53.0"
[J] ::1 - - [2017-6-20 11:35:12] "GET /stylesheets/bootstrap.css HTTP/1.1" 304 - "http://localhost:3000/" "Mozilla/5.0 (Windows NT 10.0; Win64; x64; rv:53.0) Gecko/20100101 Firefox/53.0"
[J] ::1 - - [2017-6-20 11:35:12] "GET /javascripts/jquery.js HTTP/1.1" 304 - "http://localhost:3000/" "Mozilla/5.0 (Windows NT 10.0; Win64; x64; rv:53.0) Gecko/20100101 Firefox/53.0"
[J] ::1 - - [2017-6-20 11:35:12] "GET /javascripts/bootstrap.js HTTP/1.1" 304 - "http://localhost:3000/" "Mozilla/5.0 (Windows NT 10.0; Win64; x64; rv:53.0) Gecko/20100101 Firefox/53.0"
[J] ::1 - - [2017-6-20 11:35:12] "GET /reg HTTP/1.1" 200 2643 "http://localhost:3000/" "Mozilla/5.0 (Windows NT 10.0; Win64; x64; rv:53.0) Gecko/20100101 Firefox/53.0"
[J] ::1 - - [2017-6-20 11:35:12] "GET /stylesheets/bootstrap.css HTTP/1.1" 304 - "http://localhost:3000/reg" "Mozilla/5.0 (Windows NT 10.0; Win64; x64; rv:53.0) Gecko/20100101 Firefox/53.0"
[J] ::1 - - [2017-6-20 11:35:12] "GET /javascripts/jquery.js HTTP/1.1" 304 - "http://localhost:3000/reg" "Mozilla/5.0 (Windows NT 10.0; Win64; x64; rv:53.0) Gecko/20100101 Firefox/53.0"
[J] ::1 - - [2017-6-20 11:35:12] "GET /javascripts/bootstrap.js HTTP/1.1" 304 - "http://localhost:3000/reg" "Mozilla/5.0 (Windows NT 10.0; Win64; x64; rv:53.0) Gecko/20100101 Firefox/53.0"
[J] ::1 - - [2017-6-20 11:35:18] "GET /login HTTP/1.1" 200 2263 "http://localhost:3000/reg" "Mozilla/5.0 (Windows NT 10.0; Win64; x64; rv:53.0) Gecko/20100101 Firefox/53.0"
[J] ::1 - - [2017-6-20 11:35:18] "GET /stylesheets/bootstrap.css HTTP/1.1" 304 - "http://localhost:3000/login" "Mozilla/5.0 (Windows NT 10.0; Win64; x64; rv:53.0) Gecko/20100101 Firefox/53.0"
[J] ::1 - - [2017-6-20 11:35:18] "GET /javascripts/jquery.js HTTP/1.1" 304 - "http://localhost:3000/login" "Mozilla/5.0 (Windows NT 10.0; Win64; x64; rv:53.0) Gecko/20100101 Firefox/53.0"
[J] ::1 - - [2017-6-20 11:35:18] "GET /javascripts/bootstrap.js HTTP/1.1" 304 - "http://localhost:3000/login" "Mozilla/5.0 (Windows NT 10.0; Win64; x64; rv:53.0) Gecko/20100101 Firefox/53.0"
[J] ::1 - - [2017-6-20 11:35:19] "GET / HTTP/1.1" 200 4823 "http://localhost:3000/login" "Mozilla/5.0 (Windows NT 10.0; Win64; x64; rv:53.0) Gecko/20100101 Firefox/53.0"
[J] ::1 - - [2017-6-20 11:35:19] "GET /stylesheets/bootstrap.css HTTP/1.1" 304 - "http://localhost:3000/" "Mozilla/5.0 (Windows NT 10.0; Win64; x64; rv:53.0) Gecko/20100101 Firefox/53.0"
[J] ::1 - - [2017-6-20 11:35:19] "GET /javascripts/jquery.js HTTP/1.1" 304 - "http://localhost:3000/" "Mozilla/5.0 (Windows NT 10.0; Win64; x64; rv:53.0) Gecko/20100101 Firefox/53.0"
[J] ::1 - - [2017-6-20 11:35:19] "GET /javascripts/bootstrap.js HTTP/1.1" 304 - "http://localhost:3000/" "Mozilla/5.0 (Windows NT 10.0; Win64; x64; rv:53.0) Gecko/20100101 Firefox/53.0"
[J] ::1 - - [2017-6-20 11:35:38] "GET / HTTP/1.1" 304 - "http://localhost:3000/login" "Mozilla/5.0 (Windows NT 10.0; Win64; x64; rv:53.0) Gecko/20100101 Firefox/53.0"
[J] ::1 - - [2017-6-20 11:35:38] "GET /stylesheets/bootstrap.css HTTP/1.1" 304 - "http://localhost:3000/" "Mozilla/5.0 (Windows NT 10.0; Win64; x64; rv:53.0) Gecko/20100101 Firefox/53.0"
[J] ::1 - - [2017-6-20 11:35:38] "GET /javascripts/jquery.js HTTP/1.1" 304 - "http://localhost:3000/" "Mozilla/5.0 (Windows NT 10.0; Win64; x64; rv:53.0) Gecko/20100101 Firefox/53.0"
[J] ::1 - - [2017-6-20 11:35:38] "GET /javascripts/bootstrap.js HTTP/1.1" 304 - "http://localhost:3000/" "Mozilla/5.0 (Windows NT 10.0; Win64; x64; rv:53.0) Gecko/20100101 Firefox/53.0"
[J] ::1 - - [2017-6-20 11:35:41] "GET /login HTTP/1.1" 304 - "http://localhost:3000/" "Mozilla/5.0 (Windows NT 10.0; Win64; x64; rv:53.0) Gecko/20100101 Firefox/53.0"
[J] ::1 - - [2017-6-20 11:35:41] "GET /stylesheets/bootstrap.css HTTP/1.1" 304 - "http://localhost:3000/login" "Mozilla/5.0 (Windows NT 10.0; Win64; x64; rv:53.0) Gecko/20100101 Firefox/53.0"
[J] ::1 - - [2017-6-20 11:35:41] "GET /javascripts/jquery.js HTTP/1.1" 304 - "http://localhost:3000/login" "Mozilla/5.0 (Windows NT 10.0; Win64; x64; rv:53.0) Gecko/20100101 Firefox/53.0"
[J] ::1 - - [2017-6-20 11:35:41] "GET /javascripts/bootstrap.js HTTP/1.1" 304 - "http://localhost:3000/login" "Mozilla/5.0 (Windows NT 10.0; Win64; x64; rv:53.0) Gecko/20100101 Firefox/53.0"
[J] ::1 - - [2017-6-20 11:35:43] "GET /u/test HTTP/1.1" 200 3158 "http://localhost:3000/" "Mozilla/5.0 (Windows NT 10.0; Win64; x64; rv:53.0) Gecko/20100101 Firefox/53.0"
[J] ::1 - - [2017-6-20 11:35:43] "GET /stylesheets/bootstrap.css HTTP/1.1" 304 - "http://localhost:3000/u/test" "Mozilla/5.0 (Windows NT 10.0; Win64; x64; rv:53.0) Gecko/20100101 Firefox/53.0"
[J] ::1 - - [2017-6-20 11:35:43] "GET /javascripts/jquery.js HTTP/1.1" 304 - "http://localhost:3000/u/test" "Mozilla/5.0 (Windows NT 10.0; Win64; x64; rv:53.0) Gecko/20100101 Firefox/53.0"
[J] ::1 - - [2017-6-20 11:35:43] "GET /javascripts/bootstrap.js HTTP/1.1" 304 - "http://localhost:3000/u/test" "Mozilla/5.0 (Windows NT 10.0; Win64; x64; rv:53.0) Gecko/20100101 Firefox/53.0"
