::1 - - [19/Jun/2017:08:40:31 +0000] "GET / HTTP/1.1" 200 4451 "http://localhost:3000/reg" "Mozilla/5.0 (Windows NT 10.0; Win64; x64; rv:53.0) Gecko/20100101 Firefox/53.0"
::1 - - [19/Jun/2017:08:40:31 +0000] "GET /stylesheets/bootstrap.css HTTP/1.1" 304 - "http://localhost:3000/" "Mozilla/5.0 (Windows NT 10.0; Win64; x64; rv:53.0) Gecko/20100101 Firefox/53.0"
::1 - - [19/Jun/2017:08:40:31 +0000] "GET /javascripts/jquery.js HTTP/1.1" 304 - "http://localhost:3000/" "Mozilla/5.0 (Windows NT 10.0; Win64; x64; rv:53.0) Gecko/20100101 Firefox/53.0"
::1 - - [19/Jun/2017:08:40:31 +0000] "GET /javascripts/bootstrap.js HTTP/1.1" 304 - "http://localhost:3000/" "Mozilla/5.0 (Windows NT 10.0; Win64; x64; rv:53.0) Gecko/20100101 Firefox/53.0"
::1 - - [19/Jun/2017:08:42:17 +0000] "GET / HTTP/1.1" 500 4173 "http://localhost:3000/reg" "Mozilla/5.0 (Windows NT 10.0; Win64; x64; rv:53.0) Gecko/20100101 Firefox/53.0"
::1 - - [19/Jun/2017:08:42:17 +0000] "GET /stylesheets/bootstrap.css HTTP/1.1" 304 - "http://localhost:3000/" "Mozilla/5.0 (Windows NT 10.0; Win64; x64; rv:53.0) Gecko/20100101 Firefox/53.0"
::1 - - [19/Jun/2017:08:42:17 +0000] "GET /javascripts/jquery.js HTTP/1.1" 304 - "http://localhost:3000/" "Mozilla/5.0 (Windows NT 10.0; Win64; x64; rv:53.0) Gecko/20100101 Firefox/53.0"
::1 - - [19/Jun/2017:08:42:17 +0000] "GET /javascripts/bootstrap.js HTTP/1.1" 304 - "http://localhost:3000/" "Mozilla/5.0 (Windows NT 10.0; Win64; x64; rv:53.0) Gecko/20100101 Firefox/53.0"
::1 - - [19/Jun/2017:08:43:26 +0000] "GET / HTTP/1.1" 200 4451 "http://localhost:3000/reg" "Mozilla/5.0 (Windows NT 10.0; Win64; x64; rv:53.0) Gecko/20100101 Firefox/53.0"
::1 - - [19/Jun/2017:08:43:26 +0000] "GET /stylesheets/bootstrap.css HTTP/1.1" 304 - "http://localhost:3000/" "Mozilla/5.0 (Windows NT 10.0; Win64; x64; rv:53.0) Gecko/20100101 Firefox/53.0"
::1 - - [19/Jun/2017:08:43:26 +0000] "GET /javascripts/bootstrap.js HTTP/1.1" 304 - "http://localhost:3000/" "Mozilla/5.0 (Windows NT 10.0; Win64; x64; rv:53.0) Gecko/20100101 Firefox/53.0"
::1 - - [19/Jun/2017:08:43:26 +0000] "GET /javascripts/jquery.js HTTP/1.1" 304 - "http://localhost:3000/" "Mozilla/5.0 (Windows NT 10.0; Win64; x64; rv:53.0) Gecko/20100101 Firefox/53.0"
::1 - - [19/Jun/2017:09:17:24 +0000] "GET / HTTP/1.1" 304 - "http://localhost:3000/reg" "Mozilla/5.0 (Windows NT 10.0; Win64; x64; rv:53.0) Gecko/20100101 Firefox/53.0"
::1 - - [19/Jun/2017:09:17:24 +0000] "GET /stylesheets/bootstrap.css HTTP/1.1" 304 - "http://localhost:3000/" "Mozilla/5.0 (Windows NT 10.0; Win64; x64; rv:53.0) Gecko/20100101 Firefox/53.0"
::1 - - [19/Jun/2017:09:17:24 +0000] "GET /javascripts/bootstrap.js HTTP/1.1" 304 - "http://localhost:3000/" "Mozilla/5.0 (Windows NT 10.0; Win64; x64; rv:53.0) Gecko/20100101 Firefox/53.0"
::1 - - [19/Jun/2017:09:17:24 +0000] "GET /javascripts/jquery.js HTTP/1.1" 304 - "http://localhost:3000/" "Mozilla/5.0 (Windows NT 10.0; Win64; x64; rv:53.0) Gecko/20100101 Firefox/53.0"
::1 - - [19/Jun/2017:09:17:26 +0000] "GET / HTTP/1.1" 304 - "http://localhost:3000/reg" "Mozilla/5.0 (Windows NT 10.0; Win64; x64; rv:53.0) Gecko/20100101 Firefox/53.0"
::1 - - [19/Jun/2017:09:17:26 +0000] "GET /stylesheets/bootstrap.css HTTP/1.1" 304 - "http://localhost:3000/" "Mozilla/5.0 (Windows NT 10.0; Win64; x64; rv:53.0) Gecko/20100101 Firefox/53.0"
::1 - - [19/Jun/2017:09:17:26 +0000] "GET /javascripts/jquery.js HTTP/1.1" 304 - "http://localhost:3000/" "Mozilla/5.0 (Windows NT 10.0; Win64; x64; rv:53.0) Gecko/20100101 Firefox/53.0"
::1 - - [19/Jun/2017:09:17:26 +0000] "GET /javascripts/bootstrap.js HTTP/1.1" 304 - "http://localhost:3000/" "Mozilla/5.0 (Windows NT 10.0; Win64; x64; rv:53.0) Gecko/20100101 Firefox/53.0"
::1 - - [19/Jun/2017:09:17:32 +0000] "GET / HTTP/1.1" 304 - "http://localhost:3000/reg" "Mozilla/5.0 (Windows NT 10.0; Win64; x64; rv:53.0) Gecko/20100101 Firefox/53.0"
::1 - - [19/Jun/2017:09:17:32 +0000] "GET /stylesheets/bootstrap.css HTTP/1.1" 304 - "http://localhost:3000/" "Mozilla/5.0 (Windows NT 10.0; Win64; x64; rv:53.0) Gecko/20100101 Firefox/53.0"
::1 - - [19/Jun/2017:09:17:32 +0000] "GET /javascripts/jquery.js HTTP/1.1" 304 - "http://localhost:3000/" "Mozilla/5.0 (Windows NT 10.0; Win64; x64; rv:53.0) Gecko/20100101 Firefox/53.0"
::1 - - [19/Jun/2017:09:17:32 +0000] "GET /javascripts/bootstrap.js HTTP/1.1" 304 - "http://localhost:3000/" "Mozilla/5.0 (Windows NT 10.0; Win64; x64; rv:53.0) Gecko/20100101 Firefox/53.0"
::1 - - [19/Jun/2017:09:19:08 +0000] "GET / HTTP/1.1" 304 - "http://localhost:3000/reg" "Mozilla/5.0 (Windows NT 10.0; Win64; x64; rv:53.0) Gecko/20100101 Firefox/53.0"
::1 - - [19/Jun/2017:09:19:08 +0000] "GET /stylesheets/bootstrap.css HTTP/1.1" 304 - "http://localhost:3000/" "Mozilla/5.0 (Windows NT 10.0; Win64; x64; rv:53.0) Gecko/20100101 Firefox/53.0"
::1 - - [19/Jun/2017:09:19:08 +0000] "GET /javascripts/jquery.js HTTP/1.1" 304 - "http://localhost:3000/" "Mozilla/5.0 (Windows NT 10.0; Win64; x64; rv:53.0) Gecko/20100101 Firefox/53.0"
::1 - - [19/Jun/2017:09:19:08 +0000] "GET /javascripts/bootstrap.js HTTP/1.1" 304 - "http://localhost:3000/" "Mozilla/5.0 (Windows NT 10.0; Win64; x64; rv:53.0) Gecko/20100101 Firefox/53.0"
::1 - - [19/Jun/2017:09:19:22 +0000] "GET / HTTP/1.1" 304 - "http://localhost:3000/reg" "Mozilla/5.0 (Windows NT 10.0; Win64; x64; rv:53.0) Gecko/20100101 Firefox/53.0"
::1 - - [19/Jun/2017:09:19:22 +0000] "GET /stylesheets/bootstrap.css HTTP/1.1" 304 - "http://localhost:3000/" "Mozilla/5.0 (Windows NT 10.0; Win64; x64; rv:53.0) Gecko/20100101 Firefox/53.0"
::1 - - [19/Jun/2017:09:19:22 +0000] "GET /javascripts/jquery.js HTTP/1.1" 304 - "http://localhost:3000/" "Mozilla/5.0 (Windows NT 10.0; Win64; x64; rv:53.0) Gecko/20100101 Firefox/53.0"
::1 - - [19/Jun/2017:09:19:22 +0000] "GET /javascripts/bootstrap.js HTTP/1.1" 304 - "http://localhost:3000/" "Mozilla/5.0 (Windows NT 10.0; Win64; x64; rv:53.0) Gecko/20100101 Firefox/53.0"
::1 - - [19/Jun/2017:09:19:24 +0000] "GET /reg HTTP/1.1" 304 - "http://localhost:3000/" "Mozilla/5.0 (Windows NT 10.0; Win64; x64; rv:53.0) Gecko/20100101 Firefox/53.0"
::1 - - [19/Jun/2017:09:19:24 +0000] "GET /stylesheets/bootstrap.css HTTP/1.1" 304 - "http://localhost:3000/reg" "Mozilla/5.0 (Windows NT 10.0; Win64; x64; rv:53.0) Gecko/20100101 Firefox/53.0"
::1 - - [19/Jun/2017:09:19:24 +0000] "GET /javascripts/jquery.js HTTP/1.1" 304 - "http://localhost:3000/reg" "Mozilla/5.0 (Windows NT 10.0; Win64; x64; rv:53.0) Gecko/20100101 Firefox/53.0"
::1 - - [19/Jun/2017:09:19:24 +0000] "GET /javascripts/bootstrap.js HTTP/1.1" 304 - "http://localhost:3000/reg" "Mozilla/5.0 (Windows NT 10.0; Win64; x64; rv:53.0) Gecko/20100101 Firefox/53.0"
::1 - - [19/Jun/2017:09:19:26 +0000] "GET / HTTP/1.1" 304 - "http://localhost:3000/reg" "Mozilla/5.0 (Windows NT 10.0; Win64; x64; rv:53.0) Gecko/20100101 Firefox/53.0"
::1 - - [19/Jun/2017:09:19:26 +0000] "GET /stylesheets/bootstrap.css HTTP/1.1" 304 - "http://localhost:3000/" "Mozilla/5.0 (Windows NT 10.0; Win64; x64; rv:53.0) Gecko/20100101 Firefox/53.0"
::1 - - [19/Jun/2017:09:19:26 +0000] "GET /javascripts/jquery.js HTTP/1.1" 304 - "http://localhost:3000/" "Mozilla/5.0 (Windows NT 10.0; Win64; x64; rv:53.0) Gecko/20100101 Firefox/53.0"
::1 - - [19/Jun/2017:09:19:26 +0000] "GET /javascripts/bootstrap.js HTTP/1.1" 304 - "http://localhost:3000/" "Mozilla/5.0 (Windows NT 10.0; Win64; x64; rv:53.0) Gecko/20100101 Firefox/53.0"
::1 - - [19/Jun/2017:09:19:42 +0000] "GET / HTTP/1.1" 304 - "http://localhost:3000/reg" "Mozilla/5.0 (Windows NT 10.0; Win64; x64; rv:53.0) Gecko/20100101 Firefox/53.0"
::1 - - [19/Jun/2017:09:19:42 +0000] "GET /stylesheets/bootstrap.css HTTP/1.1" 304 - "http://localhost:3000/" "Mozilla/5.0 (Windows NT 10.0; Win64; x64; rv:53.0) Gecko/20100101 Firefox/53.0"
::1 - - [19/Jun/2017:09:19:42 +0000] "GET /javascripts/jquery.js HTTP/1.1" 304 - "http://localhost:3000/" "Mozilla/5.0 (Windows NT 10.0; Win64; x64; rv:53.0) Gecko/20100101 Firefox/53.0"
::1 - - [19/Jun/2017:09:19:42 +0000] "GET /javascripts/bootstrap.js HTTP/1.1" 304 - "http://localhost:3000/" "Mozilla/5.0 (Windows NT 10.0; Win64; x64; rv:53.0) Gecko/20100101 Firefox/53.0"
::1 - - [19/Jun/2017:09:24:54 +0000] "GET / HTTP/1.1" 304 - "http://localhost:3000/reg" "Mozilla/5.0 (Windows NT 10.0; Win64; x64; rv:53.0) Gecko/20100101 Firefox/53.0"
::1 - - [19/Jun/2017:09:24:54 +0000] "GET /stylesheets/bootstrap.css HTTP/1.1" 304 - "http://localhost:3000/" "Mozilla/5.0 (Windows NT 10.0; Win64; x64; rv:53.0) Gecko/20100101 Firefox/53.0"
::1 - - [19/Jun/2017:09:24:54 +0000] "GET /javascripts/jquery.js HTTP/1.1" 304 - "http://localhost:3000/" "Mozilla/5.0 (Windows NT 10.0; Win64; x64; rv:53.0) Gecko/20100101 Firefox/53.0"
::1 - - [19/Jun/2017:09:24:54 +0000] "GET /javascripts/bootstrap.js HTTP/1.1" 304 - "http://localhost:3000/" "Mozilla/5.0 (Windows NT 10.0; Win64; x64; rv:53.0) Gecko/20100101 Firefox/53.0"
::1 - - [20/Jun/2017:01:55:33 +0000] "GET / HTTP/1.1" 304 - "-" "Mozilla/5.0 (Windows NT 10.0; Win64; x64; rv:53.0) Gecko/20100101 Firefox/53.0"
::1 - - [20/Jun/2017:01:55:33 +0000] "GET /stylesheets/bootstrap.css HTTP/1.1" 304 - "http://localhost:3000/" "Mozilla/5.0 (Windows NT 10.0; Win64; x64; rv:53.0) Gecko/20100101 Firefox/53.0"
::1 - - [20/Jun/2017:01:55:33 +0000] "GET /javascripts/bootstrap.js HTTP/1.1" 304 - "http://localhost:3000/" "Mozilla/5.0 (Windows NT 10.0; Win64; x64; rv:53.0) Gecko/20100101 Firefox/53.0"
::1 - - [20/Jun/2017:01:55:33 +0000] "GET /javascripts/jquery.js HTTP/1.1" 304 - "http://localhost:3000/" "Mozilla/5.0 (Windows NT 10.0; Win64; x64; rv:53.0) Gecko/20100101 Firefox/53.0"
::1 - - [20/Jun/2017:01:57:34 +0000] "GET /favicon.ico HTTP/1.1" - - "-" "Mozilla/5.0 (Windows NT 10.0; Win64; x64; rv:53.0) Gecko/20100101 Firefox/53.0"
::1 - - [20/Jun/2017:01:59:55 +0000] "GET / HTTP/1.1" 304 - "-" "Mozilla/5.0 (Windows NT 10.0; Win64; x64; rv:53.0) Gecko/20100101 Firefox/53.0"
::1 - - [20/Jun/2017:01:59:55 +0000] "GET /stylesheets/bootstrap.css HTTP/1.1" 304 - "http://localhost:3000/" "Mozilla/5.0 (Windows NT 10.0; Win64; x64; rv:53.0) Gecko/20100101 Firefox/53.0"
::1 - - [20/Jun/2017:01:59:55 +0000] "GET /javascripts/jquery.js HTTP/1.1" 304 - "http://localhost:3000/" "Mozilla/5.0 (Windows NT 10.0; Win64; x64; rv:53.0) Gecko/20100101 Firefox/53.0"
::1 - - [20/Jun/2017:01:59:55 +0000] "GET /javascripts/bootstrap.js HTTP/1.1" 304 - "http://localhost:3000/" "Mozilla/5.0 (Windows NT 10.0; Win64; x64; rv:53.0) Gecko/20100101 Firefox/53.0"
::1 - - [20/Jun/2017:01:59:59 +0000] "GET /favicon.ico HTTP/1.1" - - "-" "Mozilla/5.0 (Windows NT 10.0; Win64; x64; rv:53.0) Gecko/20100101 Firefox/53.0"
::1 - - [20/Jun/2017:01:59:59 +0000] "GET /login HTTP/1.1" 200 2263 "http://localhost:3000/" "Mozilla/5.0 (Windows NT 10.0; Win64; x64; rv:53.0) Gecko/20100101 Firefox/53.0"
::1 - - [20/Jun/2017:01:59:59 +0000] "GET /stylesheets/bootstrap.css HTTP/1.1" 304 - "http://localhost:3000/login" "Mozilla/5.0 (Windows NT 10.0; Win64; x64; rv:53.0) Gecko/20100101 Firefox/53.0"
::1 - - [20/Jun/2017:01:59:59 +0000] "GET /javascripts/jquery.js HTTP/1.1" 304 - "http://localhost:3000/login" "Mozilla/5.0 (Windows NT 10.0; Win64; x64; rv:53.0) Gecko/20100101 Firefox/53.0"
::1 - - [20/Jun/2017:01:59:59 +0000] "GET /javascripts/bootstrap.js HTTP/1.1" 304 - "http://localhost:3000/login" "Mozilla/5.0 (Windows NT 10.0; Win64; x64; rv:53.0) Gecko/20100101 Firefox/53.0"
::1 - - [20/Jun/2017:02:00:02 +0000] "GET /favicon.ico HTTP/1.1" - - "-" "Mozilla/5.0 (Windows NT 10.0; Win64; x64; rv:53.0) Gecko/20100101 Firefox/53.0"
::1 - - [20/Jun/2017:02:00:02 +0000] "POST /login HTTP/1.1" 302 46 "http://localhost:3000/login" "Mozilla/5.0 (Windows NT 10.0; Win64; x64; rv:53.0) Gecko/20100101 Firefox/53.0"
::1 - - [20/Jun/2017:02:00:02 +0000] "GET / HTTP/1.1" 200 4528 "http://localhost:3000/login" "Mozilla/5.0 (Windows NT 10.0; Win64; x64; rv:53.0) Gecko/20100101 Firefox/53.0"
::1 - - [20/Jun/2017:02:00:02 +0000] "GET /stylesheets/bootstrap.css HTTP/1.1" 304 - "http://localhost:3000/" "Mozilla/5.0 (Windows NT 10.0; Win64; x64; rv:53.0) Gecko/20100101 Firefox/53.0"
::1 - - [20/Jun/2017:02:00:02 +0000] "GET /javascripts/bootstrap.js HTTP/1.1" 304 - "http://localhost:3000/" "Mozilla/5.0 (Windows NT 10.0; Win64; x64; rv:53.0) Gecko/20100101 Firefox/53.0"
::1 - - [20/Jun/2017:02:00:02 +0000] "GET /javascripts/jquery.js HTTP/1.1" 304 - "http://localhost:3000/" "Mozilla/5.0 (Windows NT 10.0; Win64; x64; rv:53.0) Gecko/20100101 Firefox/53.0"
::1 - - [20/Jun/2017:02:00:03 +0000] "GET /fonts/glyphicons-halflings-regular.woff2 HTTP/1.1" 304 - "http://localhost:3000/stylesheets/bootstrap.css" "Mozilla/5.0 (Windows NT 10.0; Win64; x64; rv:53.0) Gecko/20100101 Firefox/53.0"
::1 - - [20/Jun/2017:02:05:49 +0000] "GET / HTTP/1.1" 200 4451 "-" "Mozilla/5.0 (Windows NT 10.0; Win64; x64; rv:53.0) Gecko/20100101 Firefox/53.0"
::1 - - [20/Jun/2017:02:05:49 +0000] "GET /stylesheets/bootstrap.css HTTP/1.1" 304 - "http://localhost:3000/" "Mozilla/5.0 (Windows NT 10.0; Win64; x64; rv:53.0) Gecko/20100101 Firefox/53.0"
::1 - - [20/Jun/2017:02:05:49 +0000] "GET /javascripts/bootstrap.js HTTP/1.1" 304 - "http://localhost:3000/" "Mozilla/5.0 (Windows NT 10.0; Win64; x64; rv:53.0) Gecko/20100101 Firefox/53.0"
::1 - - [20/Jun/2017:02:05:49 +0000] "GET /javascripts/jquery.js HTTP/1.1" 304 - "http://localhost:3000/" "Mozilla/5.0 (Windows NT 10.0; Win64; x64; rv:53.0) Gecko/20100101 Firefox/53.0"
